<?xml version="1.0" encoding="UTF-8"?>
<testng-results ignored="0" total="3" passed="3" failed="0" skipped="0">
  <reporter-output>
  </reporter-output>
  <suite started-at="2026-01-15T19:31:45 IST" name="Default suite" finished-at="2026-01-15T19:31:52 IST" duration-ms="6108">
    <groups>
      <group name="cucumber">
        <method signature="AbstractTestNGCucumberTests.runScenario(io.cucumber.testng.PickleWrapper,io.cucumber.testng.FeatureWrapper)[pri:0, instance:Cucumber.Options.TestRunner@4e50c791]" name="runScenario" class="io.cucumber.testng.AbstractTestNGCucumberTests"/>
      </group> <!-- cucumber -->
    </groups>
    <test started-at="2026-01-15T19:31:45 IST" name="Default test" finished-at="2026-01-15T19:31:52 IST" duration-ms="6108">
      <class name="Cucumber.Options.TestRunner">
        <test-method is-config="true" signature="setUpClass(org.testng.ITestContext)[pri:0, instance:Cucumber.Options.TestRunner@4e50c791]" started-at="2026-01-15T19:31:45 IST" name="setUpClass" finished-at="2026-01-15T19:31:46 IST" duration-ms="485" status="PASS">
          <params>
            <param index="0">
              <value>
                <![CDATA[org.testng.TestRunner@6c1a63f7]]>
              </value>
            </param>
          </params>
          <reporter-output>
          </reporter-output>
        </test-method> <!-- setUpClass -->
        <test-method signature="runScenario(io.cucumber.testng.PickleWrapper,io.cucumber.testng.FeatureWrapper)[pri:0, instance:Cucumber.Options.TestRunner@4e50c791]" started-at="2026-01-15T19:31:46 IST" name="runScenario" description="Runs Cucumber Scenarios" data-provider="scenarios" finished-at="2026-01-15T19:31:49 IST" duration-ms="3003" status="PASS">
          <params>
            <param index="0">
              <value>
                <![CDATA["Verify Book Addition using Data Parametrisation"]]>
              </value>
            </param>
            <param index="1">
              <value>
                <![CDATA["Verify Add Book"]]>
              </value>
            </param>
          </params>
          <reporter-output>
          </reporter-output>
        </test-method> <!-- runScenario -->
        <test-method signature="runScenario(io.cucumber.testng.PickleWrapper,io.cucumber.testng.FeatureWrapper)[pri:0, instance:Cucumber.Options.TestRunner@4e50c791]" started-at="2026-01-15T19:31:49 IST" name="runScenario" description="Runs Cucumber Scenarios" data-provider="scenarios" finished-at="2026-01-15T19:31:49 IST" duration-ms="158" status="PASS">
          <params>
            <param index="0">
              <value>
                <![CDATA["Verify Book Addition using Data Parametrisation"]]>
              </value>
            </param>
            <param index="1">
              <value>
                <![CDATA["Verify Add Book"]]>
              </value>
            </param>
          </params>
          <reporter-output>
          </reporter-output>
        </test-method> <!-- runScenario -->
        <test-method signature="runScenario(io.cucumber.testng.PickleWrapper,io.cucumber.testng.FeatureWrapper)[pri:0, instance:Cucumber.Options.TestRunner@4e50c791]" started-at="2026-01-15T19:31:49 IST" name="runScenario" description="Runs Cucumber Scenarios" data-provider="scenarios" finished-at="2026-01-15T19:31:49 IST" duration-ms="138" status="PASS">
          <params>
            <param index="0">
              <value>
                <![CDATA["Verify Book Addition using Data Parametrisation"]]>
              </value>
            </param>
            <param index="1">
              <value>
                <![CDATA["Verify Add Book"]]>
              </value>
            </param>
          </params>
          <reporter-output>
          </reporter-output>
        </test-method> <!-- runScenario -->
        <test-method is-config="true" signature="tearDownClass()[pri:0, instance:Cucumber.Options.TestRunner@4e50c791]" started-at="2026-01-15T19:31:49 IST" name="tearDownClass" finished-at="2026-01-15T19:31:52 IST" duration-ms="2272" status="PASS">
          <reporter-output>
          </reporter-output>
        </test-method> <!-- tearDownClass -->
      </class> <!-- Cucumber.Options.TestRunner -->
    </test> <!-- Default test -->
  </suite> <!-- Default suite -->
</testng-results>
