<?xml version="1.0" encoding="UTF-8"?>
<!-- Generated by org.testng.reporters.JUnitReportReporter -->
<testsuite hostname="DESKTOP-8C0LO3K" failures="0" tests="3" name="Cucumber.Options.TestRunner" time="3.299" errors="0" timestamp="2026-01-15T19:31:52 IST" skipped="0">
  <testcase classname="Cucumber.Options.TestRunner" name="runScenario" time="3.003"/>
  <testcase classname="Cucumber.Options.TestRunner" name="runScenario" time="0.158"/>
  <testcase classname="Cucumber.Options.TestRunner" name="runScenario" time="0.138"/>
</testsuite> <!-- Cucumber.Options.TestRunner -->
