<?xml version="1.0" encoding="UTF-8"?>
<!-- Generated by org.testng.reporters.JUnitReportReporter -->
<testsuite hostname="DESKTOP-8C0LO3K" failures="0" tests="4" name="Cucumber.Options.TestRunner" time="2.380" errors="0" timestamp="2026-01-15T18:15:48 IST" skipped="0">
  <testcase classname="Cucumber.Options.TestRunner" name="runScenario" time="0.133"/>
  <testcase classname="Cucumber.Options.TestRunner" name="runScenario" time="0.348"/>
  <testcase classname="Cucumber.Options.TestRunner" name="runScenario" time="0.127"/>
  <testcase classname="Cucumber.Options.TestRunner" name="runScenario" time="1.772"/>
</testsuite> <!-- Cucumber.Options.TestRunner -->
